<?xml version="1.0" encoding="UTF-8"?>
<coverage generated="1677731520397" clover="3.2.0">
  <project timestamp="1677731520397" name="All files">
    <metrics statements="27" coveredstatements="24" conditionals="9" coveredconditionals="7" methods="9" coveredmethods="9" elements="45" coveredelements="40" complexity="0" loc="27" ncloc="27" packages="1" files="1" classes="1"/>
    <file name="tic-tac-toe.js" path="C:\Users\4G4069897\Desktop\TDD\tic-tac-toe\src\tic-tac-toe.js">
      <metrics statements="27" coveredstatements="24" conditionals="9" coveredconditionals="7" methods="9" coveredmethods="9"/>
      <line num="1" count="1" type="stmt"/>
      <line num="2" count="1" type="stmt"/>
      <line num="3" count="1" type="stmt"/>
      <line num="12" count="8" type="stmt"/>
      <line num="13" count="8" type="stmt"/>
      <line num="17" count="24" type="stmt"/>
      <line num="21" count="2" type="stmt"/>
      <line num="22" count="2" type="stmt"/>
      <line num="23" count="0" type="stmt"/>
      <line num="26" count="2" type="stmt"/>
      <line num="29" count="2" type="stmt"/>
      <line num="33" count="23" type="stmt"/>
      <line num="34" count="23" type="stmt"/>
      <line num="38" count="23" type="cond" truecount="2" falsecount="0"/>
      <line num="39" count="10" type="stmt"/>
      <line num="43" count="4" type="stmt"/>
      <line num="44" count="4" type="stmt"/>
      <line num="45" count="4" type="stmt"/>
      <line num="47" count="4" type="stmt"/>
      <line num="48" count="4" type="cond" truecount="4" falsecount="1"/>
      <line num="49" count="4" type="stmt"/>
      <line num="50" count="4" type="stmt"/>
      <line num="53" count="0" type="stmt"/>
      <line num="57" count="2" type="cond" truecount="1" falsecount="1"/>
      <line num="58" count="2" type="stmt"/>
      <line num="60" count="0" type="stmt"/>
      <line num="65" count="1" type="stmt"/>
    </file>
  </project>
</coverage>
