<?xml version="1.0" encoding="UTF-8"?>
<coverage generated="1677732071604" clover="3.2.0">
  <project timestamp="1677732071604" name="All files">
    <metrics statements="35" coveredstatements="31" conditionals="16" coveredconditionals="13" methods="10" coveredmethods="10" elements="61" coveredelements="54" complexity="0" loc="35" ncloc="35" packages="1" files="1" classes="1"/>
    <file name="tic-tac-toe.js" path="C:\Users\4G4069897\Desktop\TDD\tic-tac-toe\src\tic-tac-toe.js">
      <metrics statements="35" coveredstatements="31" conditionals="16" coveredconditionals="13" methods="10" coveredmethods="10"/>
      <line num="1" count="1" type="stmt"/>
      <line num="2" count="1" type="stmt"/>
      <line num="3" count="1" type="stmt"/>
      <line num="12" count="10" type="stmt"/>
      <line num="13" count="10" type="stmt"/>
      <line num="17" count="30" type="stmt"/>
      <line num="21" count="2" type="stmt"/>
      <line num="22" count="2" type="stmt"/>
      <line num="23" count="0" type="stmt"/>
      <line num="26" count="2" type="stmt"/>
      <line num="29" count="2" type="stmt"/>
      <line num="33" count="33" type="stmt"/>
      <line num="34" count="33" type="stmt"/>
      <line num="38" count="33" type="cond" truecount="2" falsecount="0"/>
      <line num="39" count="14" type="stmt"/>
      <line num="43" count="5" type="stmt"/>
      <line num="44" count="5" type="stmt"/>
      <line num="45" count="5" type="stmt"/>
      <line num="47" count="5" type="stmt"/>
      <line num="48" count="10" type="cond" truecount="5" falsecount="0"/>
      <line num="49" count="5" type="stmt"/>
      <line num="50" count="5" type="stmt"/>
      <line num="53" count="0" type="stmt"/>
      <line num="56" count="1" type="stmt"/>
      <line num="57" count="1" type="stmt"/>
      <line num="58" count="1" type="stmt"/>
      <line num="60" count="1" type="stmt"/>
      <line num="61" count="1" type="cond" truecount="4" falsecount="1"/>
      <line num="62" count="1" type="stmt"/>
      <line num="63" count="1" type="stmt"/>
      <line num="66" count="0" type="stmt"/>
      <line num="69" count="3" type="cond" truecount="2" falsecount="2"/>
      <line num="70" count="3" type="stmt"/>
      <line num="72" count="0" type="stmt"/>
      <line num="77" count="1" type="stmt"/>
    </file>
  </project>
</coverage>
