{"C:\\Users\\4G4069897\\Desktop\\TDD\\tic-tac-toe\\src\\tic-tac-toe.js": {"path":"C:\\Users\\4G4069897\\Desktop\\TDD\\tic-tac-toe\\src\\tic-tac-toe.js","statementMap":{"0":{"start":{"line":1,"column":16},"end":{"line":1,"column":19}},"1":{"start":{"line":2,"column":17},"end":{"line":2,"column":20}},"2":{"start":{"line":3,"column":13},"end":{"line":3,"column":14}},"3":{"start":{"line":12,"column":8},"end":{"line":12,"column":44}},"4":{"start":{"line":13,"column":8},"end":{"line":13,"column":31}},"5":{"start":{"line":17,"column":8},"end":{"line":17,"column":66}},"6":{"start":{"line":17,"column":44},"end":{"line":17,"column":64}},"7":{"start":{"line":21,"column":30},"end":{"line":21,"column":57}},"8":{"start":{"line":22,"column":8},"end":{"line":24,"column":9}},"9":{"start":{"line":23,"column":12},"end":{"line":23,"column":58}},"10":{"start":{"line":26,"column":8},"end":{"line":26,"column":31}},"11":{"start":{"line":29,"column":8},"end":{"line":29,"column":83}},"12":{"start":{"line":33,"column":8},"end":{"line":33,"column":43}},"13":{"start":{"line":34,"column":8},"end":{"line":34,"column":28}},"14":{"start":{"line":38,"column":8},"end":{"line":39,"column":37}},"15":{"start":{"line":38,"column":38},"end":{"line":38,"column":61}},"16":{"start":{"line":39,"column":14},"end":{"line":39,"column":36}},"17":{"start":{"line":43,"column":20},"end":{"line":43,"column":21}},"18":{"start":{"line":44,"column":23},"end":{"line":44,"column":24}},"19":{"start":{"line":45,"column":23},"end":{"line":45,"column":24}},"20":{"start":{"line":47,"column":8},"end":{"line":52,"column":9}},"21":{"start":{"line":47,"column":20},"end":{"line":47,"column":21}},"22":{"start":{"line":48,"column":12},"end":{"line":51,"column":13}},"23":{"start":{"line":49,"column":16},"end":{"line":49,"column":49}},"24":{"start":{"line":50,"column":16},"end":{"line":50,"column":28}},"25":{"start":{"line":53,"column":8},"end":{"line":53,"column":21}},"26":{"start":{"line":56,"column":21},"end":{"line":56,"column":22}},"27":{"start":{"line":57,"column":23},"end":{"line":57,"column":24}},"28":{"start":{"line":58,"column":22},"end":{"line":58,"column":23}},"29":{"start":{"line":60,"column":8},"end":{"line":65,"column":9}},"30":{"start":{"line":60,"column":20},"end":{"line":60,"column":21}},"31":{"start":{"line":61,"column":12},"end":{"line":64,"column":13}},"32":{"start":{"line":62,"column":16},"end":{"line":62,"column":50}},"33":{"start":{"line":63,"column":16},"end":{"line":63,"column":28}},"34":{"start":{"line":66,"column":8},"end":{"line":66,"column":21}},"35":{"start":{"line":69,"column":8},"end":{"line":71,"column":9}},"36":{"start":{"line":70,"column":12},"end":{"line":70,"column":24}},"37":{"start":{"line":72,"column":8},"end":{"line":72,"column":21}},"38":{"start":{"line":77,"column":0},"end":{"line":82,"column":1}}},"fnMap":{"0":{"name":"(anonymous_0)","decl":{"start":{"line":11,"column":4},"end":{"line":11,"column":5}},"loc":{"start":{"line":11,"column":17},"end":{"line":14,"column":5}},"line":11},"1":{"name":"(anonymous_1)","decl":{"start":{"line":16,"column":4},"end":{"line":16,"column":5}},"loc":{"start":{"line":16,"column":21},"end":{"line":18,"column":5}},"line":16},"2":{"name":"(anonymous_2)","decl":{"start":{"line":17,"column":38},"end":{"line":17,"column":39}},"loc":{"start":{"line":17,"column":44},"end":{"line":17,"column":64}},"line":17},"3":{"name":"(anonymous_3)","decl":{"start":{"line":20,"column":4},"end":{"line":20,"column":5}},"loc":{"start":{"line":20,"column":26},"end":{"line":27,"column":5}},"line":20},"4":{"name":"(anonymous_4)","decl":{"start":{"line":28,"column":4},"end":{"line":28,"column":5}},"loc":{"start":{"line":28,"column":26},"end":{"line":30,"column":5}},"line":28},"5":{"name":"(anonymous_5)","decl":{"start":{"line":32,"column":4},"end":{"line":32,"column":5}},"loc":{"start":{"line":32,"column":18},"end":{"line":35,"column":5}},"line":32},"6":{"name":"(anonymous_6)","decl":{"start":{"line":37,"column":4},"end":{"line":37,"column":5}},"loc":{"start":{"line":37,"column":18},"end":{"line":40,"column":5}},"line":37},"7":{"name":"(anonymous_7)","decl":{"start":{"line":42,"column":4},"end":{"line":42,"column":5}},"loc":{"start":{"line":42,"column":19},"end":{"line":54,"column":5}},"line":42},"8":{"name":"(anonymous_8)","decl":{"start":{"line":55,"column":4},"end":{"line":55,"column":5}},"loc":{"start":{"line":55,"column":21},"end":{"line":67,"column":5}},"line":55},"9":{"name":"(anonymous_9)","decl":{"start":{"line":68,"column":4},"end":{"line":68,"column":5}},"loc":{"start":{"line":68,"column":16},"end":{"line":73,"column":5}},"line":68}},"branchMap":{"0":{"loc":{"start":{"line":38,"column":8},"end":{"line":39,"column":37}},"type":"if","locations":[{"start":{"line":38,"column":8},"end":{"line":39,"column":37}},{"start":{"line":39,"column":13},"end":{"line":39,"column":37}}],"line":38},"1":{"loc":{"start":{"line":48,"column":12},"end":{"line":51,"column":13}},"type":"if","locations":[{"start":{"line":48,"column":12},"end":{"line":51,"column":13}},{"start":{},"end":{}}],"line":48},"2":{"loc":{"start":{"line":48,"column":15},"end":{"line":48,"column":139}},"type":"binary-expr","locations":[{"start":{"line":48,"column":15},"end":{"line":48,"column":40}},{"start":{"line":48,"column":44},"end":{"line":48,"column":88}},{"start":{"line":48,"column":92},"end":{"line":48,"column":139}}],"line":48},"3":{"loc":{"start":{"line":61,"column":12},"end":{"line":64,"column":13}},"type":"if","locations":[{"start":{"line":61,"column":12},"end":{"line":64,"column":13}},{"start":{},"end":{}}],"line":61},"4":{"loc":{"start":{"line":61,"column":15},"end":{"line":61,"column":140}},"type":"binary-expr","locations":[{"start":{"line":61,"column":15},"end":{"line":61,"column":41}},{"start":{"line":61,"column":45},"end":{"line":61,"column":90}},{"start":{"line":61,"column":94},"end":{"line":61,"column":140}}],"line":61},"5":{"loc":{"start":{"line":69,"column":8},"end":{"line":71,"column":9}},"type":"if","locations":[{"start":{"line":69,"column":8},"end":{"line":71,"column":9}},{"start":{},"end":{}}],"line":69},"6":{"loc":{"start":{"line":69,"column":11},"end":{"line":69,"column":55}},"type":"binary-expr","locations":[{"start":{"line":69,"column":11},"end":{"line":69,"column":31}},{"start":{"line":69,"column":35},"end":{"line":69,"column":55}}],"line":69}},"s":{"0":1,"1":1,"2":1,"3":12,"4":12,"5":12,"6":36,"7":2,"8":2,"9":0,"10":2,"11":2,"12":45,"13":45,"14":45,"15":25,"16":20,"17":6,"18":6,"19":6,"20":6,"21":6,"22":6,"23":6,"24":6,"25":0,"26":2,"27":2,"28":2,"29":2,"30":2,"31":2,"32":2,"33":2,"34":0,"35":4,"36":4,"37":0,"38":1},"f":{"0":12,"1":12,"2":36,"3":2,"4":2,"5":45,"6":45,"7":6,"8":2,"9":4},"b":{"0":[25,20],"1":[6,0],"2":[6,6,6],"3":[2,0],"4":[2,2,2],"5":[4,0],"6":[4,0]},"_coverageSchema":"1a1c01bbd47fc00a2c39e90264f33305004495a9","hash":"df9fdd4f16f271b582272f09ca10ffff42ccd0b6"}
}
