TN:
SF:src\tic-tac-toe.js
FN:11,(anonymous_0)
FN:16,(anonymous_1)
FN:17,(anonymous_2)
FN:20,(anonymous_3)
FN:28,(anonymous_4)
FN:32,(anonymous_5)
FN:37,(anonymous_6)
FN:42,(anonymous_7)
FNF:8
FNH:8
FNDA:5,(anonymous_0)
FNDA:5,(anonymous_1)
FNDA:15,(anonymous_2)
FNDA:2,(anonymous_3)
FNDA:2,(anonymous_4)
FNDA:6,(anonymous_5)
FNDA:6,(anonymous_6)
FNDA:1,(anonymous_7)
DA:1,1
DA:2,1
DA:3,1
DA:12,5
DA:13,5
DA:17,15
DA:21,2
DA:22,2
DA:23,0
DA:26,2
DA:29,2
DA:33,6
DA:34,6
DA:38,6
DA:39,2
DA:43,1
DA:44,1
DA:45,1
DA:47,1
DA:48,1
DA:49,1
DA:50,1
DA:53,0
DA:58,1
LF:24
LH:22
BRDA:38,0,0,4
BRDA:38,0,1,2
BRDA:48,1,0,1
BRDA:48,1,1,0
BRDA:48,2,0,1
BRDA:48,2,1,0
BRDA:48,2,2,0
BRF:7
BRH:4
end_of_record
