TN:
SF:src\tic-tac-toe.js
FN:11,(anonymous_0)
FN:16,(anonymous_1)
FN:17,(anonymous_2)
FN:20,(anonymous_3)
FN:28,(anonymous_4)
FN:32,(anonymous_5)
FN:37,(anonymous_6)
FN:42,(anonymous_7)
FN:55,(anonymous_8)
FN:68,(anonymous_9)
FNF:10
FNH:10
FNDA:12,(anonymous_0)
FNDA:12,(anonymous_1)
FNDA:36,(anonymous_2)
FNDA:2,(anonymous_3)
FNDA:2,(anonymous_4)
FNDA:45,(anonymous_5)
FNDA:45,(anonymous_6)
FNDA:6,(anonymous_7)
FNDA:2,(anonymous_8)
FNDA:4,(anonymous_9)
DA:1,1
DA:2,1
DA:3,1
DA:12,12
DA:13,12
DA:17,36
DA:21,2
DA:22,2
DA:23,0
DA:26,2
DA:29,2
DA:33,45
DA:34,45
DA:38,45
DA:39,20
DA:43,6
DA:44,6
DA:45,6
DA:47,6
DA:48,6
DA:49,6
DA:50,6
DA:53,0
DA:56,2
DA:57,2
DA:58,2
DA:60,2
DA:61,2
DA:62,2
DA:63,2
DA:66,0
DA:69,4
DA:70,4
DA:72,0
DA:77,1
LF:35
LH:31
BRDA:38,0,0,25
BRDA:38,0,1,20
BRDA:48,1,0,6
BRDA:48,1,1,0
BRDA:48,2,0,6
BRDA:48,2,1,6
BRDA:48,2,2,6
BRDA:61,3,0,2
BRDA:61,3,1,0
BRDA:61,4,0,2
BRDA:61,4,1,2
BRDA:61,4,2,2
BRDA:69,5,0,4
BRDA:69,5,1,0
BRDA:69,6,0,4
BRDA:69,6,1,0
BRF:16
BRH:12
end_of_record
